<?xml version="1.0" encoding="UTF-8"?>
<!-- Generated by org.testng.reporters.JUnitReportReporter -->
<testsuite skipped="0" hostname="DELL" name="com.wordpress.login.VerifyWordpressLogin" tests="1" failures="0" timestamp="11 Nov 2018 10:53:27 GMT" time="23.766" errors="0">
  <testcase name="verifyValidLogin" time="23.766" classname="com.wordpress.login.VerifyWordpressLogin"/>
</testsuite> <!-- com.wordpress.login.VerifyWordpressLogin -->
