<?xml version="1.0" encoding="UTF-8"?>
<!-- Generated by org.testng.reporters.JUnitReportReporter -->
<testsuite skipped="0" hostname="DELL" name="Example" tests="1" failures="0" timestamp="10 Nov 2018 13:13:10 GMT" time="19.641" errors="0">
  <testcase name="launchBrowser" time="19.641" classname="Example"/>
</testsuite> <!-- Example -->
