<?xml version="1.0" encoding="UTF-8"?>
<!-- Generated by org.testng.reporters.JUnitReportReporter -->
<testsuite skipped="0" hostname="DELL" name="Example_Integration" tests="1" failures="0" timestamp="10 Nov 2018 15:17:53 GMT" time="0.093" errors="0">
  <testcase name="LaunchBrowser" time="0.093" classname="Example_Integration"/>
</testsuite> <!-- Example_Integration -->
